<?xml version="1.0" encoding="UTF-8"?>
<!-- Generated by org.testng.reporters.JUnitReportReporter -->
<testsuite skipped="0" hostname="DESKTOP-T9IJKIM" name="com.syntax.test.TestNGtest" tests="1" failures="0" timestamp="2020-05-19T14:09:54 EDT" time="0.014" errors="0">
  <testcase name="hello" time="0.014" classname="com.syntax.test.TestNGtest"/>
  <system-out/>
</testsuite> <!-- com.syntax.test.TestNGtest -->
